<?xml version="1.0" encoding="UTF-8"?>
<Site BuildName="(empty)"
	BuildStamp="20240613-0950-Experimental"
	Name="MESKELKHETAM"
	Generator="ctest-3.16.3"
	CompilerName="/usr/bin/c++"
	CompilerVersion="9.4.0"
	OSName="Linux"
	Hostname="MESKELKHETAM"
	OSRelease="5.15.0-107-generic"
	OSVersion="#117~20.04.1-Ubuntu SMP Tue Apr 30 10:35:57 UTC 2024"
	OSPlatform="x86_64"
	Is64Bits="1"
	VendorString="GenuineIntel"
	VendorID="Intel Corporation"
	FamilyID="6"
	ModelID="165"
	ProcessorCacheSize="12288"
	NumberOfLogicalCPU="12"
	NumberOfPhysicalCPU="6"
	TotalVirtualMemory="6724"
	TotalPhysicalMemory="7713"
	LogicalProcessorsPerPhysical="2"
	ProcessorClockFrequency="1370.08"
	>
	<Testing>
		<StartDateTime>Jun 13 12:50 EEST</StartDateTime>
		<StartTestTime>1718272227</StartTestTime>
		<TestList/>
		<EndDateTime>Jun 13 12:50 EEST</EndDateTime>
		<EndTestTime>1718272227</EndTestTime>
		<ElapsedMinutes>0</ElapsedMinutes>
	</Testing>
</Site>
